<?xml version="1.0" encoding="UTF-8"?>
<!-- Generated by org.testng.reporters.JUnitXMLReporter -->
<testsuite ignored="0" hostname="LAPTOP-LD9E33NK" failures="1" tests="3" name="Test" time="2.382" errors="0" timestamp="2022-02-08T23:38:51 IST">
  <testcase classname="sample.NewTest" name="beforeMethod" time="2.217"/>
  <testcase classname="sample.NewTest" name="varun" time="0.01">
    <failure type="java.lang.AssertionError" message="expected [Sign in – Google accounts] but found []">
      <![CDATA[java.lang.AssertionError: expected [Sign in – Google accounts] but found []
at sample.NewTest.varun(NewTest.java:24)
at java.base/java.util.ArrayList.forEach(ArrayList.java:1511)
... Removed 33 stack frames]]>
    </failure>
  </testcase> <!-- varun -->
  <testcase classname="sample.NewTest" name="afterMethod" time="0.124"/>
</testsuite> <!-- Test -->
